c:\users\jarrod.dowsey\documents\opengl_engine\opengl\release\vc120.pdb
c:\users\jarrod.dowsey\documents\opengl_engine\opengl\release\solarsystem.obj
c:\users\jarrod.dowsey\documents\opengl_engine\opengl\release\skybox.obj
c:\users\jarrod.dowsey\documents\opengl_engine\opengl\release\particlesystem.obj
c:\users\jarrod.dowsey\documents\opengl_engine\opengl\release\object.obj
c:\users\jarrod.dowsey\documents\opengl_engine\opengl\release\main.obj
c:\users\jarrod.dowsey\documents\opengl_engine\opengl\release\freecamera.obj
c:\users\jarrod.dowsey\documents\opengl_engine\opengl\release\camera.obj
c:\users\jarrod.dowsey\documents\opengl_engine\opengl\release\application.obj
c:\users\jarrod.dowsey\documents\opengl_engine\opengl\release\myanttweakbar.obj
c:\users\jarrod.dowsey\documents\opengl_engine\opengl\release\fbxobject.obj
c:\users\jarrod.dowsey\documents\opengl_engine\opengl\release\rendertarget.obj
c:\users\jarrod.dowsey\documents\opengl_engine\opengl\release\groundsurface.obj
c:\users\jarrod.dowsey\documents\opengl_engine\opengl\release\shadow.obj
c:\users\jarrod.dowsey\documents\opengl_engine\opengl\release\gizmos_fix.obj
c:\users\jarrod.dowsey\documents\opengl_engine\opengl\release\gl_core_4_4.obj
c:\users\jarrod.dowsey\documents\opengl_engine\release\opengl.exe
c:\users\jarrod.dowsey\documents\opengl_engine\release\opengl.pdb
c:\users\jarrod.dowsey\documents\opengl_engine\opengl\release\opengl.tlog\cl.command.1.tlog
c:\users\jarrod.dowsey\documents\opengl_engine\opengl\release\opengl.tlog\cl.read.1.tlog
c:\users\jarrod.dowsey\documents\opengl_engine\opengl\release\opengl.tlog\cl.write.1.tlog
c:\users\jarrod.dowsey\documents\opengl_engine\opengl\release\opengl.tlog\link.command.1.tlog
c:\users\jarrod.dowsey\documents\opengl_engine\opengl\release\opengl.tlog\link.read.1.tlog
c:\users\jarrod.dowsey\documents\opengl_engine\opengl\release\opengl.tlog\link.write.1.tlog
